#
# A fatal error has been detected by the Java Runtime Environment:
#
#  SIGSEGV (0xb) at pc=0x00007ffaa156c86d, pid=11570, tid=140714472163584
#
# JRE version: 6.0_20-b20
# Java VM: OpenJDK 64-Bit Server VM (19.0-b09 mixed mode linux-amd64 compressed oops)
# Derivative: IcedTea6 1.9.13
# Distribution: Ubuntu 10.10, package 6b20-1.9.13-0ubuntu1~10.10.1
# Problematic frame:
# C  [libc.so.6+0x7786d]
#
# If you would like to submit a bug report, please include
# instructions how to reproduce the bug and visit:
#   https://bugs.launchpad.net/ubuntu/+source/openjdk-6/
# The crash happened outside the Java Virtual Machine in native code.
# See problematic frame for where to report the bug.
#

---------------  T H R E A D  ---------------

Current thread (0x0000000003f4b000):  JavaThread "main" [_thread_in_native, id=11570, stack(0x00007fff41666000,0x00007fff41766000)]

siginfo:si_signo=SIGSEGV: si_errno=0, si_code=128 (), si_addr=0x0000000000000000

Registers:
RAX=0x00007ffa986fc540, RBX=0x00007ffa98000078, RCX=0x0000000000000091, RDX=0x00007ffa981064b0
RSP=0x00007fff4175ac70, RBP=0x00007ffa981064b0, RSI=0x0000000000000000, RDI=0x00007ffa98000020
R8 =0x00007ffa98000020, R9 =0x00007ffa98000030, R10=0x00007ffa98000070, R11=0x0000000000000000
R12=0x0000fff530106528, R13=0x0000000000000030, R14=0x00007ffa98000078, R15=0x00007ffa980002b8
RIP=0x00007ffaa156c86d, EFL=0x0000000000010202, CSGSFS=0x0000000000000033, ERR=0x0000000000000000
  TRAPNO=0x000000000000000d

Register to memory mapping:

RAX=0x00007ffa986fc540
0x00007ffa986fc540 is pointing to unknown location

RBX=0x00007ffa98000078
0x00007ffa98000078 is pointing to unknown location

RCX=0x0000000000000091
0x0000000000000091 is pointing to unknown location

RDX=0x00007ffa981064b0
0x00007ffa981064b0 is pointing to unknown location

RSP=0x00007fff4175ac70
0x00007fff4175ac70 is pointing into the stack for thread: 0x0000000003f4b000
"main" prio=10 tid=0x0000000003f4b000 nid=0x2d32 runnable [0x0000000000000000]
   java.lang.Thread.State: RUNNABLE

RBP=0x00007ffa981064b0
0x00007ffa981064b0 is pointing to unknown location

RSI=0x0000000000000000
0x0000000000000000 is pointing to unknown location

RDI=0x00007ffa98000020
0x00007ffa98000020 is pointing to unknown location

R8 =0x00007ffa98000020
0x00007ffa98000020 is pointing to unknown location

R9 =0x00007ffa98000030
0x00007ffa98000030 is pointing to unknown location

R10=0x00007ffa98000070
0x00007ffa98000070 is pointing to unknown location

R11=0x0000000000000000
0x0000000000000000 is pointing to unknown location

R12=0x0000fff530106528
0x0000fff530106528 is pointing to unknown location

R13=0x0000000000000030
0x0000000000000030 is pointing to unknown location

R14=0x00007ffa98000078
0x00007ffa98000078 is pointing to unknown location

R15=0x00007ffa980002b8
0x00007ffa980002b8 is pointing to unknown location


Top of Stack: (sp=0x00007fff4175ac70)
0x00007fff4175ac70:   00000000005f4880 00007ffa98000020
0x00007fff4175ac80:   00007ffa9875ce40 00007ffa980c54b0
0x00007fff4175ac90:   00007fff4175b220 0000000000000000
0x00007fff4175aca0:   0000000000000000 00007ffa98758e90
0x00007fff4175acb0:   0000000000cf79b0 00007ffa98760e20
0x00007fff4175acc0:   00007ffa98000020 0000000000cefa20
0x00007fff4175acd0:   00007ffa862cedc0 00007ffaa156f570
0x00007fff4175ace0:   0000000000000000 00007ffa98000020
0x00007fff4175acf0:   00007ffa9875ce40 0000000001296420
0x00007fff4175ad00:   00007fff4175b220 00007fff4175aff0
0x00007fff4175ad10:   0000000002932248 00007ffaa1572ea3
0x00007fff4175ad20:   00007ffa9875ce40 00007ffa98000020
0x00007fff4175ad30:   00007ffa9875ce40 0000000001296420
0x00007fff4175ad40:   00007fff4175b220 00007fff4175aff0
0x00007fff4175ad50:   0000000002932248 00007ffaa1572ea3
0x00007fff4175ad60:   0000000000000000 0000000000000001
0x00007fff4175ad70:   00007ffa9875ce20 00007ffa9875ce40
0x00007fff4175ad80:   00007ffa9875ce40 0000000000601791
0x00007fff4175ad90:   00000000012967a0 0000000000648e52
0x00007fff4175ada0:   000000000292e6c0 0000000000000000
0x00007fff4175adb0:   0000000000000001 00007ffaa152e4f2
0x00007fff4175adc0:   0000000000000000 000000000770ad58
0x00007fff4175add0:   0000000000000001 00007ffa8f66d23b
0x00007fff4175ade0:   00007fff4175b220 000000004175b6c0
0x00007fff4175adf0:   00007ffa8f66d1d0 00007ffaa290ac1c
0x00007fff4175ae00:   0000000000000000 000000000770ad58
0x00007fff4175ae10:   00007ffaa2db0c20 00000000029670f8
0x00007fff4175ae20:   00000000108d5258 000000000297da48
0x00007fff4175ae30:   00007fff00000000 00000000108d27c8
0x00007fff4175ae40:   000000000770ba58 00000000108d53a8
0x00007fff4175ae50:   0000000000000025 00007ffaa2d43ee8
0x00007fff4175ae60:   00007fff4175b3e8 00007ffaa2db07a8 

Instructions: (pc=0x00007ffaa156c86d)
0x00007ffaa156c85d:   08 48 8b 43 10 48 89 d5 48 83 e5 fa 4c 8d 24 2b
0x00007ffaa156c86d:   4d 8b 6c 24 08 49 83 e5 f8 83 e2 01 75 44 48 8b 

Stack: [0x00007fff41666000,0x00007fff41766000],  sp=0x00007fff4175ac70,  free space=979k
Native frames: (J=compiled Java code, j=interpreted, Vv=VM code, C=native code)
C  [libc.so.6+0x7786d]


---------------  P R O C E S S  ---------------

Java Threads: ( => current thread )
  0x00007ffa98046000 JavaThread "Low Memory Detector" daemon [_thread_blocked, id=11617, stack(0x00007ffa90beb000,0x00007ffa90cec000)]
  0x00007ffa9805e800 JavaThread "CompilerThread1" daemon [_thread_blocked, id=11616, stack(0x00007ffa90cec000,0x00007ffa90ded000)]
  0x00007ffa9805a000 JavaThread "CompilerThread0" daemon [_thread_blocked, id=11615, stack(0x00007ffa90ded000,0x00007ffa90eee000)]
  0x00007ffa980f9800 JavaThread "Signal Dispatcher" daemon [_thread_blocked, id=11614, stack(0x00007ffa90eee000,0x00007ffa90fef000)]
  0x00007ffa9817a800 JavaThread "Finalizer" daemon [_thread_blocked, id=11613, stack(0x00007ffa90fef000,0x00007ffa910f0000)]
  0x00007ffa98123000 JavaThread "Reference Handler" daemon [_thread_blocked, id=11612, stack(0x00007ffa910f0000,0x00007ffa911f1000)]
=>0x0000000003f4b000 JavaThread "main" [_thread_in_native, id=11570, stack(0x00007fff41666000,0x00007fff41766000)]

Other Threads:
  0x00007ffa98126800 VMThread [stack: 0x00007ffa911f1000,0x00007ffa912f2000] [id=11611]
  0x00007ffa980c3800 WatcherThread [stack: 0x00007ffa90aea000,0x00007ffa90beb000] [id=11618]

VM state:not at safepoint (normal execution)

VM Mutex/Monitor currently owned by a thread: None

Heap
 PSYoungGen      total 37376K, used 1282K [0x00000000f5560000, 0x00000000f7f10000, 0x0000000100000000)
  eden space 32064K, 4% used [0x00000000f5560000,0x00000000f56a0ae0,0x00000000f74b0000)
  from space 5312K, 0% used [0x00000000f79e0000,0x00000000f79e0000,0x00000000f7f10000)
  to   space 5312K, 0% used [0x00000000f74b0000,0x00000000f74b0000,0x00000000f79e0000)
 PSOldGen        total 85376K, used 0K [0x00000000e0000000, 0x00000000e5360000, 0x00000000f5560000)
  object space 85376K, 0% used [0x00000000e0000000,0x00000000e0000000,0x00000000e5360000)
 PSPermGen       total 21248K, used 3359K [0x00000000d5a00000, 0x00000000d6ec0000, 0x00000000e0000000)
  object space 21248K, 15% used [0x00000000d5a00000,0x00000000d5d47f68,0x00000000d6ec0000)

Dynamic libraries:
00400000-01081000 r-xp 00000000 08:11 415595                             /usr/lib/rstudio/bin/rsession (deleted)
01280000-01294000 r--p 00c80000 08:11 415595                             /usr/lib/rstudio/bin/rsession (deleted)
01294000-01296000 rw-p 00c94000 08:11 415595                             /usr/lib/rstudio/bin/rsession (deleted)
01296000-0129a000 rw-p 00000000 00:00 0 
0291c000-1bfb9000 rw-p 00000000 00:00 0                                  [heap]
d5a00000-d6ec0000 rw-p 00000000 00:00 0 
d6ec0000-e0000000 rw-p 00000000 00:00 0 
e0000000-e5360000 rw-p 00000000 00:00 0 
e5360000-f5560000 rw-p 00000000 00:00 0 
f5560000-f7f10000 rw-p 00000000 00:00 0 
f7f10000-100000000 rw-p 00000000 00:00 0 
7ffa7c000000-7ffa80000000 rw-p 00000000 00:00 0 
7ffa84000000-7ffa88000000 rw-p 00000000 00:00 0 
7ffa8a890000-7ffa8a8a4000 r--p 00000000 08:11 666611                     /usr/share/fonts/type1/gsfonts/n019003l.pfb
7ffa8a8a4000-7ffa8a8a6000 r-xp 00000000 08:11 401666                     /usr/lib/pango/1.6.0/modules/pango-basic-fc.so
7ffa8a8a6000-7ffa8aaa5000 ---p 00002000 08:11 401666                     /usr/lib/pango/1.6.0/modules/pango-basic-fc.so
7ffa8aaa5000-7ffa8aaa6000 r--p 00001000 08:11 401666                     /usr/lib/pango/1.6.0/modules/pango-basic-fc.so
7ffa8aaa6000-7ffa8aaa7000 rw-p 00002000 08:11 401666                     /usr/lib/pango/1.6.0/modules/pango-basic-fc.so
7ffa8aaa7000-7ffa8aab0000 r--s 00000000 08:11 1057172                    /var/cache/fontconfig/945677eb7aeaf62f1d50efc3fb3ec7d8-le64.cache-3
7ffa8aab0000-7ffa8aab2000 r-xp 00000000 08:11 394115                     /usr/lib/gconv/CP1252.so
7ffa8aab2000-7ffa8acb1000 ---p 00002000 08:11 394115                     /usr/lib/gconv/CP1252.so
7ffa8acb1000-7ffa8acb2000 r--p 00001000 08:11 394115                     /usr/lib/gconv/CP1252.so
7ffa8acb2000-7ffa8acb3000 rw-p 00002000 08:11 394115                     /usr/lib/gconv/CP1252.so
7ffa8acb3000-7ffa8acdf000 r-xp 00000000 08:12 1704779                    /home/pawel/R/x86_64-pc-linux-gnu-library/2.14/Cubist/libs/Cubist.so
7ffa8acdf000-7ffa8aede000 ---p 0002c000 08:12 1704779                    /home/pawel/R/x86_64-pc-linux-gnu-library/2.14/Cubist/libs/Cubist.so
7ffa8aede000-7ffa8aedf000 r--p 0002b000 08:12 1704779                    /home/pawel/R/x86_64-pc-linux-gnu-library/2.14/Cubist/libs/Cubist.so
7ffa8aedf000-7ffa8aee0000 rw-p 0002c000 08:12 1704779                    /home/pawel/R/x86_64-pc-linux-gnu-library/2.14/Cubist/libs/Cubist.so
7ffa8aee0000-7ffa8aee4000 rw-p 00000000 00:00 0 
7ffa8aee4000-7ffa8aee8000 r-xp 00000000 08:12 1966633                    /home/pawel/R/x86_64-pc-linux-gnu-library/2.14/nnls/libs/nnls.so
7ffa8aee8000-7ffa8b0e7000 ---p 00004000 08:12 1966633                    /home/pawel/R/x86_64-pc-linux-gnu-library/2.14/nnls/libs/nnls.so
7ffa8b0e7000-7ffa8b0e8000 r--p 00003000 08:12 1966633                    /home/pawel/R/x86_64-pc-linux-gnu-library/2.14/nnls/libs/nnls.so
7ffa8b0e8000-7ffa8b0e9000 rw-p 00004000 08:12 1966633                    /home/pawel/R/x86_64-pc-linux-gnu-library/2.14/nnls/libs/nnls.so
7ffa8b0e9000-7ffa8b0ec000 r-xp 00000000 08:12 1969124                    /home/pawel/R/x86_64-pc-linux-gnu-library/2.14/mboost/libs/mboost.so
7ffa8b0ec000-7ffa8b2eb000 ---p 00003000 08:12 1969124                    /home/pawel/R/x86_64-pc-linux-gnu-library/2.14/mboost/libs/mboost.so
7ffa8b2eb000-7ffa8b2ec000 r--p 00002000 08:12 1969124                    /home/pawel/R/x86_64-pc-linux-gnu-library/2.14/mboost/libs/mboost.so
7ffa8b2ec000-7ffa8b2ed000 rw-p 00003000 08:12 1969124                    /home/pawel/R/x86_64-pc-linux-gnu-library/2.14/mboost/libs/mboost.so
7ffa8b2ed000-7ffa8b2ff000 r-xp 00000000 08:12 1706050                    /home/pawel/R/x86_64-pc-linux-gnu-library/2.14/RTextTools/libs/RTextTools.so
7ffa8b2ff000-7ffa8b4ff000 ---p 00012000 08:12 1706050                    /home/pawel/R/x86_64-pc-linux-gnu-library/2.14/RTextTools/libs/RTextTools.so
7ffa8b4ff000-7ffa8b500000 r--p 00012000 08:12 1706050                    /home/pawel/R/x86_64-pc-linux-gnu-library/2.14/RTextTools/libs/RTextTools.so
7ffa8b500000-7ffa8b50c000 rw-p 00013000 08:12 1706050                    /home/pawel/R/x86_64-pc-linux-gnu-library/2.14/RTextTools/libs/RTextTools.so
7ffa8b50c000-7ffa8b511000 r-xp 00000000 08:12 1704001                    /home/pawel/R/x86_64-pc-linux-gnu-library/2.14/tau/libs/tau.so
7ffa8b511000-7ffa8b710000 ---p 00005000 08:12 1704001                    /home/pawel/R/x86_64-pc-linux-gnu-library/2.14/tau/libs/tau.so
7ffa8b710000-7ffa8b711000 r--p 00004000 08:12 1704001                    /home/pawel/R/x86_64-pc-linux-gnu-library/2.14/tau/libs/tau.so
7ffa8b711000-7ffa8b712000 rw-p 00005000 08:12 1704001                    /home/pawel/R/x86_64-pc-linux-gnu-library/2.14/tau/libs/tau.so
7ffa8b712000-7ffa8b737000 r-xp 00000000 08:12 1706105                    /home/pawel/R/x86_64-pc-linux-gnu-library/2.14/maxent/libs/maxent.so
7ffa8b737000-7ffa8b937000 ---p 00025000 08:12 1706105                    /home/pawel/R/x86_64-pc-linux-gnu-library/2.14/maxent/libs/maxent.so
7ffa8b937000-7ffa8b938000 r--p 00025000 08:12 1706105                    /home/pawel/R/x86_64-pc-linux-gnu-library/2.14/maxent/libs/maxent.so
7ffa8b938000-7ffa8b939000 rw-p 00026000 08:12 1706105                    /home/pawel/R/x86_64-pc-linux-gnu-library/2.14/maxent/libs/maxent.so
7ffa8b939000-7ffa8b942000 r-xp 00000000 08:12 1705987                    /home/pawel/R/x86_64-pc-linux-gnu-library/2.14/caTools/libs/caTools.so
7ffa8b942000-7ffa8bb41000 ---p 00009000 08:12 1705987                    /home/pawel/R/x86_64-pc-linux-gnu-library/2.14/caTools/libs/caTools.so
7ffa8bb41000-7ffa8bb42000 r--p 00008000 08:12 1705987                    /home/pawel/R/x86_64-pc-linux-gnu-library/2.14/caTools/libs/caTools.so
7ffa8bb42000-7ffa8bb43000 rw-p 00009000 08:12 1705987                    /home/pawel/R/x86_64-pc-linux-gnu-library/2.14/caTools/libs/caTools.so
7ffa8bb43000-7ffa8bb45000 r-xp 00000000 08:12 1705558                    /home/pawel/R/x86_64-pc-linux-gnu-library/2.14/bitops/libs/bitops.so
7ffa8bb45000-7ffa8bd45000 ---p 00002000 08:12 1705558                    /home/pawel/R/x86_64-pc-linux-gnu-library/2.14/bitops/libs/bitops.so
7ffa8bd45000-7ffa8bd46000 r--p 00002000 08:12 1705558                    /home/pawel/R/x86_64-pc-linux-gnu-library/2.14/bitops/libs/bitops.so
7ffa8bd46000-7ffa8bd47000 rw-p 00003000 08:12 1705558                    /home/pawel/R/x86_64-pc-linux-gnu-library/2.14/bitops/libs/bitops.so
7ffa8bd47000-7ffa8bd48000 r-xp 00000000 08:12 1705935                    /home/pawel/R/x86_64-pc-linux-gnu-library/2.14/ipred/libs/ipred.so
7ffa8bd48000-7ffa8bf47000 ---p 00001000 08:12 1705935                    /home/pawel/R/x86_64-pc-linux-gnu-library/2.14/ipred/libs/ipred.so
7ffa8bf47000-7ffa8bf48000 r--p 00000000 08:12 1705935                    /home/pawel/R/x86_64-pc-linux-gnu-library/2.14/ipred/libs/ipred.so
7ffa8bf48000-7ffa8bf49000 rw-p 00001000 08:12 1705935                    /home/pawel/R/x86_64-pc-linux-gnu-library/2.14/ipred/libs/ipred.so
7ffa8bf49000-7ffa8bf4f000 r-xp 00000000 08:12 1705529                    /home/pawel/R/x86_64-pc-linux-gnu-library/2.14/prodlim/libs/prodlim.so
7ffa8bf4f000-7ffa8c14e000 ---p 00006000 08:12 1705529                    /home/pawel/R/x86_64-pc-linux-gnu-library/2.14/prodlim/libs/prodlim.so
7ffa8c14e000-7ffa8c14f000 r--p 00005000 08:12 1705529                    /home/pawel/R/x86_64-pc-linux-gnu-library/2.14/prodlim/libs/prodlim.so
7ffa8c14f000-7ffa8c150000 rw-p 00006000 08:12 1705529                    /home/pawel/R/x86_64-pc-linux-gnu-library/2.14/prodlim/libs/prodlim.so
7ffa8c150000-7ffa8c155000 r-xp 00000000 08:11 803194                     /usr/lib/R/library/KernSmooth/libs/KernSmooth.so (deleted)
7ffa8c155000-7ffa8c354000 ---p 00005000 08:11 803194                     /usr/lib/R/library/KernSmooth/libs/KernSmooth.so (deleted)
7ffa8c354000-7ffa8c355000 r--p 00004000 08:11 803194                     /usr/lib/R/library/KernSmooth/libs/KernSmooth.so (deleted)
7ffa8c355000-7ffa8c356000 rw-p 00005000 08:11 803194                     /usr/lib/R/library/KernSmooth/libs/KernSmooth.so (deleted)
7ffa8c356000-7ffa8c357000 r-xp 00000000 08:12 1705482                    /home/pawel/R/x86_64-pc-linux-gnu-library/2.14/mlbench/libs/mlbench.so
7ffa8c357000-7ffa8c556000 ---p 00001000 08:12 1705482                    /home/pawel/R/x86_64-pc-linux-gnu-library/2.14/mlbench/libs/mlbench.so
7ffa8c556000-7ffa8c557000 r--p 00000000 08:12 1705482                    /home/pawel/R/x86_64-pc-linux-gnu-library/2.14/mlbench/libs/mlbench.so
7ffa8c557000-7ffa8c558000 rw-p 00001000 08:12 1705482                    /home/pawel/R/x86_64-pc-linux-gnu-library/2.14/mlbench/libs/mlbench.so
7ffa8c558000-7ffa8c55e000 r-xp 00000000 08:11 803163                     /usr/lib/R/library/MASS/libs/MASS.so (deleted)
7ffa8c55e000-7ffa8c75d000 ---p 00006000 08:11 803163                     /usr/lib/R/library/MASS/libs/MASS.so (deleted)
7ffa8c75d000-7ffa8c75e000 r--p 00005000 08:11 803163                     /usr/lib/R/library/MASS/libs/MASS.so (deleted)
7ffa8c75e000-7ffa8c75f000 rw-p 00006000 08:11 803163                     /usr/lib/R/library/MASS/libs/MASS.so (deleted)
7ffa8c75f000-7ffa8c76b000 r-xp 00000000 08:12 1967993                    /home/pawel/R/x86_64-pc-linux-gnu-library/2.14/rpart/libs/rpart.so
7ffa8c76b000-7ffa8c96a000 ---p 0000c000 08:12 1967993                    /home/pawel/R/x86_64-pc-linux-gnu-library/2.14/rpart/libs/rpart.so
7ffa8c96a000-7ffa8c96b000 r--p 0000b000 08:12 1967993                    /home/pawel/R/x86_64-pc-linux-gnu-library/2.14/rpart/libs/rpart.so
7ffa8c96b000-7ffa8c96c000 rw-p 0000c000 08:12 1967993                    /home/pawel/R/x86_64-pc-linux-gnu-library/2.14/rpart/libs/rpart.so
7ffa8c96c000-7ffa8c974000 r-xp 00000000 08:12 1705887                    /home/pawel/R/x86_64-pc-linux-gnu-library/2.14/tree/libs/tree.so
7ffa8c974000-7ffa8cb73000 ---p 00008000 08:12 1705887                    /home/pawel/R/x86_64-pc-linux-gnu-library/2.14/tree/libs/tree.so
7ffa8cb73000-7ffa8cb74000 r--p 00007000 08:12 1705887                    /home/pawel/R/x86_64-pc-linux-gnu-library/2.14/tree/libs/tree.so
7ffa8cb74000-7ffa8cb75000 rw-p 00008000 08:12 1705887                    /home/pawel/R/x86_64-pc-linux-gnu-library/2.14/tree/libs/tree.so
7ffa8cb75000-7ffa8cb90000 r-xp 00000000 08:12 1705662                    /home/pawel/R/x86_64-pc-linux-gnu-library/2.14/SparseM/libs/SparseM.so
7ffa8cb90000-7ffa8cd8f000 ---p 0001b000 08:12 1705662                    /home/pawel/R/x86_64-pc-linux-gnu-library/2.14/SparseM/libs/SparseM.so
7ffa8cd8f000-7ffa8cd90000 r--p 0001a000 08:12 1705662                    /home/pawel/R/x86_64-pc-linux-gnu-library/2.14/SparseM/libs/SparseM.so
7ffa8cd90000-7ffa8cd91000 rw-p 0001b000 08:12 1705662                    /home/pawel/R/x86_64-pc-linux-gnu-library/2.14/SparseM/libs/SparseM.so
7ffa8cd91000-7ffa8cdd2000 r-xp 00000000 08:12 1314830                    /home/pawel/R/x86_64-pc-linux-gnu-library/2.14/glmnet/libs/glmnet.so
7ffa8cdd2000-7ffa8cfd2000 ---p 00041000 08:12 1314830                    /home/pawel/R/x86_64-pc-linux-gnu-library/2.14/glmnet/libs/glmnet.so
7ffa8cfd2000-7ffa8cfd3000 r--p 00041000 08:12 1314830                    /home/pawel/R/x86_64-pc-linux-gnu-library/2.14/glmnet/libs/glmnet.so
7ffa8cfd3000-7ffa8cfd4000 rw-p 00042000 08:12 1314830                    /home/pawel/R/x86_64-pc-linux-gnu-library/2.14/glmnet/libs/glmnet.so
7ffa8cfd4000-7ffa8d082000 r-xp 00000000 08:11 930990                     /usr/lib/R/library/Matrix/libs/Matrix.so (deleted)
7ffa8d082000-7ffa8d281000 ---p 000ae000 08:11 930990                     /usr/lib/R/library/Matrix/libs/Matrix.so (deleted)
7ffa8d281000-7ffa8d282000 r--p 000ad000 08:11 930990                     /usr/lib/R/library/Matrix/libs/Matrix.so (deleted)
7ffa8d282000-7ffa8d285000 rw-p 000ae000 08:11 930990                     /usr/lib/R/library/Matrix/libs/Matrix.so (deleted)
7ffa8d285000-7ffa8d286000 rw-p 00000000 00:00 0 
7ffa8d286000-7ffa8d295000 r-xp 00000000 08:12 1448366                    /home/pawel/R/x86_64-pc-linux-gnu-library/2.14/digest/libs/digest.so
7ffa8d295000-7ffa8d494000 ---p 0000f000 08:12 1448366                    /home/pawel/R/x86_64-pc-linux-gnu-library/2.14/digest/libs/digest.so
7ffa8d494000-7ffa8d495000 r--p 0000e000 08:12 1448366                    /home/pawel/R/x86_64-pc-linux-gnu-library/2.14/digest/libs/digest.so
7ffa8d495000-7ffa8d496000 rw-p 0000f000 08:12 1448366                    /home/pawel/R/x86_64-pc-linux-gnu-library/2.14/digest/libs/digest.so
7ffa8d496000-7ffa8d4b0000 r-xp 00000000 08:12 1575852                    /home/pawel/R/x86_64-pc-linux-gnu-library/2.14/FNN/libs/FNN.so
7ffa8d4b0000-7ffa8d6b0000 ---p 0001a000 08:12 1575852                    /home/pawel/R/x86_64-pc-linux-gnu-library/2.14/FNN/libs/FNN.so
7ffa8d6b0000-7ffa8d6b1000 r--p 0001a000 08:12 1575852                    /home/pawel/R/x86_64-pc-linux-gnu-library/2.14/FNN/libs/FNN.so
7ffa8d6b1000-7ffa8d6b2000 rw-p 0001b000 08:12 1575852                    /home/pawel/R/x86_64-pc-linux-gnu-library/2.14/FNN/libs/FNN.so
7ffa8d6b2000-7ffa8d717000 r-xp 00000000 08:12 1966110                    /home/pawel/R/x86_64-pc-linux-gnu-library/2.14/polspline/libs/polspline.so
7ffa8d717000-7ffa8d916000 ---p 00065000 08:12 1966110                    /home/pawel/R/x86_64-pc-linux-gnu-library/2.14/polspline/libs/polspline.so
7ffa8d916000-7ffa8d917000 r--p 00064000 08:12 1966110                    /home/pawel/R/x86_64-pc-linux-gnu-library/2.14/polspline/libs/polspline.so
7ffa8d917000-7ffa8d918000 rw-p 00065000 08:12 1966110                    /home/pawel/R/x86_64-pc-linux-gnu-library/2.14/polspline/libs/polspline.so
7ffa8d918000-7ffa8d943000 rw-p 00000000 00:00 0 
7ffa8d943000-7ffa8d948000 r-xp 00000000 08:11 1058451                    /usr/lib/R/library/nnet/libs/nnet.so (deleted)
7ffa8d948000-7ffa8db47000 ---p 00005000 08:11 1058451                    /usr/lib/R/library/nnet/libs/nnet.so (deleted)
7ffa8db47000-7ffa8db48000 r--p 00004000 08:11 1058451                    /usr/lib/R/library/nnet/libs/nnet.so (deleted)
7ffa8db48000-7ffa8db49000 rw-p 00005000 08:11 1058451                    /usr/lib/R/library/nnet/libs/nnet.so (deleted)
7ffa8db49000-7ffa8db92000 r-xp 00000000 08:12 1314241                    /home/pawel/R/x86_64-pc-linux-gnu-library/2.14/Rcpp/lib/libRcpp.so
7ffa8db92000-7ffa8dd92000 ---p 00049000 08:12 1314241                    /home/pawel/R/x86_64-pc-linux-gnu-library/2.14/Rcpp/lib/libRcpp.so
7ffa8dd92000-7ffa8dd94000 r--p 00049000 08:12 1314241                    /home/pawel/R/x86_64-pc-linux-gnu-library/2.14/Rcpp/lib/libRcpp.so
7ffa8dd94000-7ffa8dd95000 rw-p 0004b000 08:12 1314241                    /home/pawel/R/x86_64-pc-linux-gnu-library/2.14/Rcpp/lib/libRcpp.so
7ffa8dd95000-7ffa8dd9a000 rw-p 00000000 00:00 0 
7ffa8dd9a000-7ffa8ddcf000 r-xp 00000000 08:12 1186859                    /home/pawel/R/x86_64-pc-linux-gnu-library/2.14/RSofia/libs/RSofia.so
7ffa8ddcf000-7ffa8dfce000 ---p 00035000 08:12 1186859                    /home/pawel/R/x86_64-pc-linux-gnu-library/2.14/RSofia/libs/RSofia.so
7ffa8dfce000-7ffa8dfd0000 r--p 00034000 08:12 1186859                    /home/pawel/R/x86_64-pc-linux-gnu-library/2.14/RSofia/libs/RSofia.so
7ffa8dfd0000-7ffa8dfd1000 rw-p 00036000 08:12 1186859                    /home/pawel/R/x86_64-pc-linux-gnu-library/2.14/RSofia/libs/RSofia.so
7ffa8dfd1000-7ffa8e01a000 r-xp 00000000 08:12 1313844                    /home/pawel/R/x86_64-pc-linux-gnu-library/2.14/Rcpp/libs/Rcpp.so
7ffa8e01a000-7ffa8e21a000 ---p 00049000 08:12 1313844                    /home/pawel/R/x86_64-pc-linux-gnu-library/2.14/Rcpp/libs/Rcpp.so
7ffa8e21a000-7ffa8e21c000 r--p 00049000 08:12 1313844                    /home/pawel/R/x86_64-pc-linux-gnu-library/2.14/Rcpp/libs/Rcpp.so
7ffa8e21c000-7ffa8e21d000 rw-p 0004b000 08:12 1313844                    /home/pawel/R/x86_64-pc-linux-gnu-library/2.14/Rcpp/libs/Rcpp.so
7ffa8e21d000-7ffa8e222000 rw-p 00000000 00:00 0 
7ffa8e222000-7ffa8e236000 r-xp 00000000 08:12 1314745                    /home/pawel/R/x86_64-pc-linux-gnu-library/2.14/e1071/libs/e1071.so
7ffa8e236000-7ffa8e435000 ---p 00014000 08:12 1314745                    /home/pawel/R/x86_64-pc-linux-gnu-library/2.14/e1071/libs/e1071.so
7ffa8e435000-7ffa8e436000 r--p 00013000 08:12 1314745                    /home/pawel/R/x86_64-pc-linux-gnu-library/2.14/e1071/libs/e1071.so
7ffa8e436000-7ffa8e437000 rw-p 00014000 08:12 1314745                    /home/pawel/R/x86_64-pc-linux-gnu-library/2.14/e1071/libs/e1071.so
7ffa8e437000-7ffa8e43a000 r-xp 00000000 08:11 931187                     /usr/lib/R/library/class/libs/class.so (deleted)
7ffa8e43a000-7ffa8e639000 ---p 00003000 08:11 931187                     /usr/lib/R/library/class/libs/class.so (deleted)
7ffa8e639000-7ffa8e63a000 r--p 00002000 08:11 931187                     /usr/lib/R/library/class/libs/class.so (deleted)
7ffa8e63a000-7ffa8e63b000 rw-p 00003000 08:11 931187                     /usr/lib/R/library/class/libs/class.so (deleted)
7ffa8e63b000-7ffa8e64a000 r-xp 00000000 08:12 1319186                    /home/pawel/R/x86_64-pc-linux-gnu-library/2.14/randomForest/libs/randomForest.so
7ffa8e64a000-7ffa8e849000 ---p 0000f000 08:12 1319186                    /home/pawel/R/x86_64-pc-linux-gnu-library/2.14/randomForest/libs/randomForest.so
7ffa8e849000-7ffa8e84a000 r--p 0000e000 08:12 1319186                    /home/pawel/R/x86_64-pc-linux-gnu-library/2.14/randomForest/libs/randomForest.so
7ffa8e84a000-7ffa8e84b000 rw-p 0000f000 08:12 1319186                    /home/pawel/R/x86_64-pc-linux-gnu-library/2.14/randomForest/libs/randomForest.so
7ffa8e84b000-7ffa8f12c000 r-xp 00000000 08:11 413733                     /usr/lib/lapack/liblapack.so.3gf.0
7ffa8f12c000-7ffa8f32b000 ---p 008e1000 08:11 413733                     /usr/lib/lapack/liblapack.so.3gf.0
7ffa8f32b000-7ffa8f32c000 r--p 008e0000 08:11 413733                     /usr/lib/lapack/liblapack.so.3gf.0
7ffa8f32c000-7ffa8f330000 rw-p 008e1000 08:11 413733                     /usr/lib/lapack/liblapack.so.3gf.0
7ffa8f330000-7ffa8f43d000 rw-p 00000000 00:00 0 
7ffa8f43d000-7ffa8f46a000 r-xp 00000000 08:12 1186774                    /home/pawel/R/x86_64-pc-linux-gnu-library/2.14/kernlab/libs/kernlab.so
7ffa8f46a000-7ffa8f66a000 ---p 0002d000 08:12 1186774                    /home/pawel/R/x86_64-pc-linux-gnu-library/2.14/kernlab/libs/kernlab.so
7ffa8f66a000-7ffa8f66b000 r--p 0002d000 08:12 1186774                    /home/pawel/R/x86_64-pc-linux-gnu-library/2.14/kernlab/libs/kernlab.so
7ffa8f66b000-7ffa8f66c000 rw-p 0002e000 08:12 1186774                    /home/pawel/R/x86_64-pc-linux-gnu-library/2.14/kernlab/libs/kernlab.so
7ffa8f66c000-7ffa8f66f000 r-xp 00000000 08:12 1311996                    /home/pawel/R/x86_64-pc-linux-gnu-library/2.14/multicore/libs/multicore.so
7ffa8f66f000-7ffa8f86e000 ---p 00003000 08:12 1311996                    /home/pawel/R/x86_64-pc-linux-gnu-library/2.14/multicore/libs/multicore.so
7ffa8f86e000-7ffa8f86f000 r--p 00002000 08:12 1311996                    /home/pawel/R/x86_64-pc-linux-gnu-library/2.14/multicore/libs/multicore.so
7ffa8f86f000-7ffa8f870000 rw-p 00003000 08:12 1311996                    /home/pawel/R/x86_64-pc-linux-gnu-library/2.14/multicore/libs/multicore.so
7ffa8f870000-7ffa8f88b000 r-xp 00000000 08:12 1967370                    /home/pawel/R/x86_64-pc-linux-gnu-library/2.14/gbm/libs/gbm.so
7ffa8f88b000-7ffa8fa8b000 ---p 0001b000 08:12 1967370                    /home/pawel/R/x86_64-pc-linux-gnu-library/2.14/gbm/libs/gbm.so
7ffa8fa8b000-7ffa8fa8c000 r--p 0001b000 08:12 1967370                    /home/pawel/R/x86_64-pc-linux-gnu-library/2.14/gbm/libs/gbm.so
7ffa8fa8c000-7ffa8fa8d000 rw-p 0001c000 08:12 1967370                    /home/pawel/R/x86_64-pc-linux-gnu-library/2.14/gbm/libs/gbm.so
7ffa8fa8d000-7ffa8fa90000 r-xp 00000000 08:11 803236                     /usr/lib/R/library/lattice/libs/lattice.so (deleted)
7ffa8fa90000-7ffa8fc8f000 ---p 00003000 08:11 803236                     /usr/lib/R/library/lattice/libs/lattice.so (deleted)
7ffa8fc8f000-7ffa8fc90000 r--p 00002000 08:11 803236                     /usr/lib/R/library/lattice/libs/lattice.so (deleted)
7ffa8fc90000-7ffa8fc91000 rw-p 00003000 08:11 803236                     /usr/lib/R/library/lattice/libs/lattice.so (deleted)
7ffa8fc91000-7ffa8fcb1000 r-xp 00000000 08:11 931126                     /usr/lib/R/library/survival/libs/survival.so (deleted)
7ffa8fcb1000-7ffa8feb0000 ---p 00020000 08:11 931126                     /usr/lib/R/library/survival/libs/survival.so (deleted)
7ffa8feb0000-7ffa8feb1000 r--p 0001f000 08:11 931126                     /usr/lib/R/library/survival/libs/survival.so (deleted)
7ffa8feb1000-7ffa8feb2000 rw-p 00020000 08:11 931126                     /usr/lib/R/library/survival/libs/survival.so (deleted)
7ffa8feb2000-7ffa8feb4000 r-xp 00000000 08:11 414225                     /usr/lib/R/library/splines/libs/splines.so (deleted)
7ffa8feb4000-7ffa900b3000 ---p 00002000 08:11 414225                     /usr/lib/R/library/splines/libs/splines.so (deleted)
7ffa900b3000-7ffa900b4000 r--p 00001000 08:11 414225                     /usr/lib/R/library/splines/libs/splines.so (deleted)
7ffa900b4000-7ffa900b5000 rw-p 00002000 08:11 414225                     /usr/lib/R/library/splines/libs/splines.so (deleted)
7ffa900b5000-7ffa900bc000 r-xp 00000000 08:12 1187693                    /home/pawel/R/x86_64-pc-linux-gnu-library/2.14/lda/libs/lda.so
7ffa900bc000-7ffa902bb000 ---p 00007000 08:12 1187693                    /home/pawel/R/x86_64-pc-linux-gnu-library/2.14/lda/libs/lda.so
7ffa902bb000-7ffa902bc000 r--p 00006000 08:12 1187693                    /home/pawel/R/x86_64-pc-linux-gnu-library/2.14/lda/libs/lda.so
7ffa902bc000-7ffa902bd000 rw-p 00007000 08:12 1187693                    /home/pawel/R/x86_64-pc-linux-gnu-library/2.14/lda/libs/lda.so
7ffa902bd000-7ffa902be000 r-xp 00000000 08:12 1311942                    /home/pawel/R/x86_64-pc-linux-gnu-library/2.14/plyr/libs/plyr.so
7ffa902be000-7ffa904be000 ---p 00001000 08:12 1311942                    /home/pawel/R/x86_64-pc-linux-gnu-library/2.14/plyr/libs/plyr.so
7ffa904be000-7ffa904bf000 r--p 00001000 08:12 1311942                    /home/pawel/R/x86_64-pc-linux-gnu-library/2.14/plyr/libs/plyr.so
7ffa904bf000-7ffa904c0000 rw-p 00002000 08:12 1311942                    /home/pawel/R/x86_64-pc-linux-gnu-library/2.14/plyr/libs/plyr.so
7ffa904c0000-7ffa904c1000 r-xp 00000000 08:12 1618                       /home/pawel/R/x86_64-pc-linux-gnu-library/2.14/tm/libs/tm.so
7ffa904c1000-7ffa906c0000 ---p 00001000 08:12 1618                       /home/pawel/R/x86_64-pc-linux-gnu-library/2.14/tm/libs/tm.so
7ffa906c0000-7ffa906c1000 r--p 00000000 08:12 1618                       /home/pawel/R/x86_64-pc-linux-gnu-library/2.14/tm/libs/tm.so
7ffa906c1000-7ffa906c2000 rw-p 00001000 08:12 1618                       /home/pawel/R/x86_64-pc-linux-gnu-library/2.14/tm/libs/tm.so
7ffa906c2000-7ffa906c9000 r-xp 00000000 08:12 1593                       /home/pawel/R/x86_64-pc-linux-gnu-library/2.14/00LOCK-slam/slam/libs/slam.so (deleted)
7ffa906c9000-7ffa908c8000 ---p 00007000 08:12 1593                       /home/pawel/R/x86_64-pc-linux-gnu-library/2.14/00LOCK-slam/slam/libs/slam.so (deleted)
7ffa908c8000-7ffa908c9000 r--p 00006000 08:12 1593                       /home/pawel/R/x86_64-pc-linux-gnu-library/2.14/00LOCK-slam/slam/libs/slam.so (deleted)
7ffa908c9000-7ffa908ca000 rw-p 00007000 08:12 1593                       /home/pawel/R/x86_64-pc-linux-gnu-library/2.14/00LOCK-slam/slam/libs/slam.so (deleted)
7ffa908ca000-7ffa908e8000 r-xp 00000000 08:11 687013                     /usr/lib/R/library/grid/libs/grid.so (deleted)
7ffa908e8000-7ffa90ae8000 ---p 0001e000 08:11 687013                     /usr/lib/R/library/grid/libs/grid.so (deleted)
7ffa90ae8000-7ffa90ae9000 r--p 0001e000 08:11 687013                     /usr/lib/R/library/grid/libs/grid.so (deleted)
7ffa90ae9000-7ffa90aea000 rw-p 0001f000 08:11 687013                     /usr/lib/R/library/grid/libs/grid.so (deleted)
7ffa90aea000-7ffa90aeb000 ---p 00000000 00:00 0 
7ffa90aeb000-7ffa90beb000 rw-p 00000000 00:00 0 
7ffa90beb000-7ffa90bee000 ---p 00000000 00:00 0 
7ffa90bee000-7ffa90cec000 rw-p 00000000 00:00 0 
7ffa90cec000-7ffa90cef000 ---p 00000000 00:00 0 
7ffa90cef000-7ffa90ded000 rw-p 00000000 00:00 0 
7ffa90ded000-7ffa90df0000 ---p 00000000 00:00 0 
7ffa90df0000-7ffa90eee000 rw-p 00000000 00:00 0 
7ffa90eee000-7ffa90ef1000 ---p 00000000 00:00 0 
7ffa90ef1000-7ffa90fef000 rw-p 00000000 00:00 0 
7ffa90fef000-7ffa90ff2000 ---p 00000000 00:00 0 
7ffa90ff2000-7ffa910f0000 rw-p 00000000 00:00 0 
7ffa910f0000-7ffa910f3000 ---p 00000000 00:00 0 
7ffa910f3000-7ffa911f1000 rw-p 00000000 00:00 0 
7ffa911f1000-7ffa911f2000 ---p 00000000 00:00 0 
7ffa911f2000-7ffa912f2000 rw-p 00000000 00:00 0 
7ffa912f2000-7ffa91482000 r--s 038c5000 08:11 415571                     /usr/lib/jvm/java-6-openjdk/jre/lib/rt.jar
7ffa91482000-7ffa91483000 ---p 00000000 00:00 0 
7ffa91483000-7ffa91583000 rw-p 00000000 00:00 0 
7ffa91583000-7ffa91584000 ---p 00000000 00:00 0 
7ffa91584000-7ffa91684000 rw-p 00000000 00:00 0 
7ffa91684000-7ffa91685000 ---p 00000000 00:00 0 
7ffa91685000-7ffa91785000 rw-p 00000000 00:00 0 
7ffa91785000-7ffa91786000 ---p 00000000 00:00 0 
7ffa91786000-7ffa91891000 rw-p 00000000 00:00 0 
7ffa91891000-7ffa918d9000 rw-p 00000000 00:00 0 
7ffa918d9000-7ffa91903000 rw-p 00000000 00:00 0 
7ffa91903000-7ffa91983000 rw-p 00000000 00:00 0 
7ffa91983000-7ffa91999000 rw-p 00000000 00:00 0 
7ffa91999000-7ffa919d9000 rw-p 00000000 00:00 0 
7ffa919d9000-7ffa919da000 rw-p 00000000 00:00 0 
7ffa919da000-7ffa91c4a000 rwxp 00000000 00:00 0 
7ffa91c4a000-7ffa949da000 rw-p 00000000 00:00 0 
7ffa949da000-7ffa949e1000 r-xp 00000000 08:11 394346                     /usr/lib/jvm/java-6-openjdk/jre/lib/amd64/libzip.so
7ffa949e1000-7ffa94be0000 ---p 00007000 08:11 394346                     /usr/lib/jvm/java-6-openjdk/jre/lib/amd64/libzip.so
7ffa94be0000-7ffa94be1000 r--p 00006000 08:11 394346                     /usr/lib/jvm/java-6-openjdk/jre/lib/amd64/libzip.so
7ffa94be1000-7ffa94be2000 rw-p 00007000 08:11 394346                     /usr/lib/jvm/java-6-openjdk/jre/lib/amd64/libzip.so
7ffa94be2000-7ffa94bea000 r-xp 00000000 08:11 415565                     /usr/lib/jvm/java-6-openjdk/jre/lib/amd64/native_threads/libhpi.so
7ffa94bea000-7ffa94de9000 ---p 00008000 08:11 415565                     /usr/lib/jvm/java-6-openjdk/jre/lib/amd64/native_threads/libhpi.so
7ffa94de9000-7ffa94dea000 r--p 00007000 08:11 415565                     /usr/lib/jvm/java-6-openjdk/jre/lib/amd64/native_threads/libhpi.so
7ffa94dea000-7ffa94deb000 rw-p 00008000 08:11 415565                     /usr/lib/jvm/java-6-openjdk/jre/lib/amd64/native_threads/libhpi.so
7ffa94deb000-7ffa94e16000 r-xp 00000000 08:11 394345                     /usr/lib/jvm/java-6-openjdk/jre/lib/amd64/libjava.so
7ffa94e16000-7ffa95015000 ---p 0002b000 08:11 394345                     /usr/lib/jvm/java-6-openjdk/jre/lib/amd64/libjava.so
7ffa95015000-7ffa95016000 r--p 0002a000 08:11 394345                     /usr/lib/jvm/java-6-openjdk/jre/lib/amd64/libjava.so
7ffa95016000-7ffa95019000 rw-p 0002b000 08:11 394345                     /usr/lib/jvm/java-6-openjdk/jre/lib/amd64/libjava.so
7ffa95019000-7ffa95027000 r-xp 00000000 08:11 394331                     /usr/lib/jvm/java-6-openjdk/jre/lib/amd64/libverify.so
7ffa95027000-7ffa95226000 ---p 0000e000 08:11 394331                     /usr/lib/jvm/java-6-openjdk/jre/lib/amd64/libverify.so
7ffa95226000-7ffa95228000 r--p 0000d000 08:11 394331                     /usr/lib/jvm/java-6-openjdk/jre/lib/amd64/libverify.so
7ffa95228000-7ffa95229000 rw-p 0000f000 08:11 394331                     /usr/lib/jvm/java-6-openjdk/jre/lib/amd64/libverify.so
7ffa95229000-7ffa95aaf000 r-xp 00000000 08:11 394348                     /usr/lib/jvm/java-6-openjdk/jre/lib/amd64/server/libjvm.so
7ffa95aaf000-7ffa95cae000 ---p 00886000 08:11 394348                     /usr/lib/jvm/java-6-openjdk/jre/lib/amd64/server/libjvm.so
7ffa95cae000-7ffa95d24000 r--p 00885000 08:11 394348                     /usr/lib/jvm/java-6-openjdk/jre/lib/amd64/server/libjvm.so
7ffa95d24000-7ffa95d3f000 rw-p 008fb000 08:11 394348                     /usr/lib/jvm/java-6-openjdk/jre/lib/amd64/server/libjvm.so
7ffa95d3f000-7ffa95d78000 rw-p 00000000 00:00 0 
7ffa95d78000-7ffa95d87000 r-xp 00000000 08:11 544398                     /usr/lib/R/site-library/rJava/libs/rJava.so (deleted)
7ffa95d87000-7ffa95f86000 ---p 0000f000 08:11 544398                     /usr/lib/R/site-library/rJava/libs/rJava.so (deleted)
7ffa95f86000-7ffa95f87000 r--p 0000e000 08:11 544398                     /usr/lib/R/site-library/rJava/libs/rJava.so (deleted)
7ffa95f87000-7ffa95f88000 rw-p 0000f000 08:11 544398                     /usr/lib/R/site-library/rJava/libs/rJava.so (deleted)
7ffa95f88000-7ffa95f8c000 r-xp 00000000 08:11 537401                     /usr/lib/R/library/tools/libs/tools.so (deleted)
7ffa95f8c000-7ffa9618b000 ---p 00004000 08:11 537401                     /usr/lib/R/library/tools/libs/tools.so (deleted)
7ffa9618b000-7ffa9618c000 r--p 00003000 08:11 537401                     /usr/lib/R/library/tools/libs/tools.so (deleted)
7ffa9618c000-7ffa9618d000 rw-p 00004000 08:11 537401                     /usr/lib/R/library/tools/libs/tools.so (deleted)
7ffa9618d000-7ffa9628a000 rw-p 00000000 00:00 0 
7ffa9628a000-7ffa9628b000 ---p 00000000 00:00 0 
7ffa9628b000-7ffa96a8b000 rw-p 00000000 00:00 0 
7ffa96a8b000-7ffa96a8c000 ---p 00000000 00:00 0 
7ffa96a8c000-7ffa9728c000 rw-p 00000000 00:00 0 
7ffa9728c000-7ffa9731e000 r-xp 00000000 08:11 414265                     /usr/lib/R/library/stats/libs/stats.so (deleted)
7ffa9731e000-7ffa9751d000 ---p 00092000 08:11 414265                     /usr/lib/R/library/stats/libs/stats.so (deleted)
7ffa9751d000-7ffa9751f000 r--p 00091000 08:11 414265                     /usr/lib/R/library/stats/libs/stats.so (deleted)
7ffa9751f000-7ffa97521000 rw-p 00093000 08:11 414265                     /usr/lib/R/library/stats/libs/stats.so (deleted)
7ffa97521000-7ffa9768c000 rw-p 00000000 00:00 0 
7ffa9768c000-7ffa976b3000 r-xp 00000000 08:11 687199                     /usr/lib/R/library/grDevices/libs/grDevices.so (deleted)
7ffa976b3000-7ffa978b2000 ---p 00027000 08:11 687199                     /usr/lib/R/library/grDevices/libs/grDevices.so (deleted)
7ffa978b2000-7ffa978b3000 r--p 00026000 08:11 687199                     /usr/lib/R/library/grDevices/libs/grDevices.so (deleted)
7ffa978b3000-7ffa978b4000 rw-p 00027000 08:11 687199                     /usr/lib/R/library/grDevices/libs/grDevices.so (deleted)
7ffa978b4000-7ffa978b7000 r--s 00000000 08:11 1058699                    /var/cache/fontconfig/e383d7ea5fbe662a33d9b44caf393297-le64.cache-3
7ffa978b7000-7ffa978bc000 r--s 00000000 08:11 1058692                    /var/cache/fontconfig/515ca1ebc4b18308bea979be5704f9db-le64.cache-3
7ffa978bc000-7ffa978c5000 r--s 00000000 08:11 1058691                    /var/cache/fontconfig/6d41288fd70b0be22e8c3a91e032eec0-le64.cache-3
7ffa978c5000-7ffa978c6000 r--s 00000000 08:11 1058690                    /var/cache/fontconfig/4794a0821666d79190d59a36cb4f44b5-le64.cache-3
7ffa978c6000-7ffa978f4000 r--s 00000000 08:11 1058688                    /var/cache/fontconfig/365b55f210c0a22e9a19e35191240f32-le64.cache-3
7ffa978f4000-7ffa97934000 r--s 005b7000 08:12 1447519                    /home/pawel/R/x86_64-pc-linux-gnu-library/2.14/RWekajars/java/weka.jar
7ffa97934000-7ffa9795e000 rw-p 00000000 00:00 0 
7ffa9795e000-7ffa979df000 rw-p 00000000 00:00 0 
7ffa979df000-7ffa979e6000 r-xp 00000000 08:11 414169                     /usr/lib/R/library/methods/libs/methods.so (deleted)
7ffa979e6000-7ffa97be6000 ---p 00007000 08:11 414169                     /usr/lib/R/library/methods/libs/methods.so (deleted)
7ffa97be6000-7ffa97be7000 r--p 00007000 08:11 414169                     /usr/lib/R/library/methods/libs/methods.so (deleted)
7ffa97be7000-7ffa97be8000 rw-p 00008000 08:11 414169                     /usr/lib/R/library/methods/libs/methods.so (deleted)
7ffa97be8000-7ffa97bf4000 r-xp 00000000 08:11 261457                     /lib/libnss_files-2.12.1.so
7ffa97bf4000-7ffa97df3000 ---p 0000c000 08:11 261457                     /lib/libnss_files-2.12.1.so
7ffa97df3000-7ffa97df4000 r--p 0000b000 08:11 261457                     /lib/libnss_files-2.12.1.so
7ffa97df4000-7ffa97df5000 rw-p 0000c000 08:11 261457                     /lib/libnss_files-2.12.1.so
7ffa97df5000-7ffa97dff000 r-xp 00000000 08:11 261459                     /lib/libnss_nis-2.12.1.so
7ffa97dff000-7ffa97ffe000 ---p 0000a000 08:11 261459                     /lib/libnss_nis-2.12.1.so
7ffa97ffe000-7ffa97fff000 r--p 00009000 08:11 261459                     /lib/libnss_nis-2.12.1.so
7ffa97fff000-7ffa98000000 rw-p 0000a000 08:11 261459                     /lib/libnss_nis-2.12.1.so
7ffa98000000-7ffa9c000000 rw-p 00000000 00:00 0 
7ffa9c000000-7ffa9c001000 r--s 00000000 08:11 1058576                    /var/cache/fontconfig/26de28bc8622bbc1fb67fd234c21975f-le64.cache-3
7ffa9c001000-7ffa9c002000 r--s 00000000 08:11 1058702                    /var/cache/fontconfig/c05880de57d1f5e948fdfacc138775d9-le64.cache-3
7ffa9c002000-7ffa9c009000 r--s 00000000 08:11 1058698                    /var/cache/fontconfig/401a5dd6b567794a1d18dd9342dfa604-le64.cache-3
7ffa9c009000-7ffa9c00c000 r--s 00000000 08:11 1058695                    /var/cache/fontconfig/2cd17615ca594fa2959ae173292e504c-le64.cache-3
7ffa9c00c000-7ffa9c010000 r--s 00000000 08:11 1058693                    /var/cache/fontconfig/6eb3985aa4124903f6ff08ba781cd364-le64.cache-3
7ffa9c010000-7ffa9c01a000 r--s 00000000 08:11 1058573                    /var/cache/fontconfig/d52a8644073d54c13679302ca1180695-le64.cache-3
7ffa9c01a000-7ffa9c03c000 r--p 00000000 08:11 666811                     /usr/share/locale-langpack/pl/LC_MESSAGES/libc.mo
7ffa9c03c000-7ffa9c047000 rw-p 00000000 00:00 0 
7ffa9c047000-7ffa9c08f000 rw-p 00000000 00:00 0 
7ffa9c08f000-7ffa9c099000 rw-p 00000000 00:00 0 
7ffa9c099000-7ffa9c14f000 rw-p 00000000 00:00 0 
7ffa9c14f000-7ffa9c166000 r-xp 00000000 08:11 261454                     /lib/libnsl-2.12.1.so
7ffa9c166000-7ffa9c365000 ---p 00017000 08:11 261454                     /lib/libnsl-2.12.1.so
7ffa9c365000-7ffa9c366000 r--p 00016000 08:11 261454                     /lib/libnsl-2.12.1.so
7ffa9c366000-7ffa9c367000 rw-p 00017000 08:11 261454                     /lib/libnsl-2.12.1.so
7ffa9c367000-7ffa9c369000 rw-p 00000000 00:00 0 
7ffa9c369000-7ffa9c371000 r-xp 00000000 08:11 261455                     /lib/libnss_compat-2.12.1.so
7ffa9c371000-7ffa9c570000 ---p 00008000 08:11 261455                     /lib/libnss_compat-2.12.1.so
7ffa9c570000-7ffa9c571000 r--p 00007000 08:11 261455                     /lib/libnss_compat-2.12.1.so
7ffa9c571000-7ffa9c572000 rw-p 00008000 08:11 261455                     /lib/libnss_compat-2.12.1.so
7ffa9c572000-7ffa9c622000 rw-p 00000000 00:00 0 
7ffa9c622000-7ffa9c624000 r--s 00000000 08:11 1058700                    /var/cache/fontconfig/99e8ed0e538f840c565b6ed5dad60d56-le64.cache-3
7ffa9c624000-7ffa9c7cd000 rw-p 00000000 00:00 0 
7ffa9c7cd000-7ffa9c7ce000 ---p 00000000 00:00 0 
7ffa9c7ce000-7ffa9cfce000 rw-p 00000000 00:00 0 
7ffa9cfce000-7ffa9cfcf000 ---p 00000000 00:00 0 
7ffa9cfcf000-7ffa9d7cf000 rw-p 00000000 00:00 0 
7ffa9d7cf000-7ffa9d7d0000 ---p 00000000 00:00 0 
7ffa9d7d0000-7ffa9dfd0000 rw-p 00000000 00:00 0 
7ffa9dfd0000-7ffa9e393000 r--p 00000000 08:11 395789                     /usr/lib/locale/locale-archive
7ffa9e393000-7ffa9e3d3000 r-xp 00000000 08:11 261220                     /lib/libncurses.so.5.7
7ffa9e3d3000-7ffa9e5d2000 ---p 00040000 08:11 261220                     /lib/libncurses.so.5.7
7ffa9e5d2000-7ffa9e5d6000 r--p 0003f000 08:11 261220                     /lib/libncurses.so.5.7
7ffa9e5d6000-7ffa9e5d7000 rw-p 00043000 08:11 261220                     /lib/libncurses.so.5.7
7ffa9e5d7000-7ffa9e5dc000 r-xp 00000000 08:11 396241                     /usr/lib/libXdmcp.so.6.0.0
7ffa9e5dc000-7ffa9e7db000 ---p 00005000 08:11 396241                     /usr/lib/libXdmcp.so.6.0.0
7ffa9e7db000-7ffa9e7dc000 r--p 00004000 08:11 396241                     /usr/lib/libXdmcp.so.6.0.0
7ffa9e7dc000-7ffa9e7dd000 rw-p 00005000 08:11 396241                     /usr/lib/libXdmcp.so.6.0.0
7ffa9e7dd000-7ffa9e7df000 r-xp 00000000 08:11 396230                     /usr/lib/libXau.so.6.0.0
7ffa9e7df000-7ffa9e9de000 ---p 00002000 08:11 396230                     /usr/lib/libXau.so.6.0.0
7ffa9e9de000-7ffa9e9df000 r--p 00001000 08:11 396230                     /usr/lib/libXau.so.6.0.0
7ffa9e9df000-7ffa9e9e0000 rw-p 00002000 08:11 396230                     /usr/lib/libXau.so.6.0.0
7ffa9e9e0000-7ffa9ea06000 r-xp 00000000 08:11 261194                     /lib/libexpat.so.1.5.2
7ffa9ea06000-7ffa9ec06000 ---p 00026000 08:11 261194                     /lib/libexpat.so.1.5.2
7ffa9ec06000-7ffa9ec08000 r--p 00026000 08:11 261194                     /lib/libexpat.so.1.5.2
7ffa9ec08000-7ffa9ec09000 rw-p 00028000 08:11 261194                     /lib/libexpat.so.1.5.2
7ffa9ec09000-7ffa9ec16000 r-xp 00000000 08:11 396724                     /usr/lib/libgomp.so.1.0.0
7ffa9ec16000-7ffa9ee15000 ---p 0000d000 08:11 396724                     /usr/lib/libgomp.so.1.0.0
7ffa9ee15000-7ffa9ee16000 r--p 0000c000 08:11 396724                     /usr/lib/libgomp.so.1.0.0
7ffa9ee16000-7ffa9ee17000 rw-p 0000d000 08:11 396724                     /usr/lib/libgomp.so.1.0.0
7ffa9ee17000-7ffa9ee26000 r-xp 00000000 08:11 265496                     /lib/libbz2.so.1.0.4
7ffa9ee26000-7ffa9f026000 ---p 0000f000 08:11 265496                     /lib/libbz2.so.1.0.4
7ffa9f026000-7ffa9f027000 r--p 0000f000 08:11 265496                     /lib/libbz2.so.1.0.4
7ffa9f027000-7ffa9f028000 rw-p 00010000 08:11 265496                     /lib/libbz2.so.1.0.4
7ffa9f028000-7ffa9f049000 r-xp 00000000 08:11 396976                     /usr/lib/liblzma.so.2.0.0
7ffa9f049000-7ffa9f248000 ---p 00021000 08:11 396976                     /usr/lib/liblzma.so.2.0.0
7ffa9f248000-7ffa9f249000 r--p 00020000 08:11 396976                     /usr/lib/liblzma.so.2.0.0
7ffa9f249000-7ffa9f24a000 rw-p 00021000 08:11 396976                     /usr/lib/liblzma.so.2.0.0
7ffa9f24a000-7ffa9f283000 r-xp 00000000 08:11 261278                     /lib/libreadline.so.6.1
7ffa9f283000-7ffa9f482000 ---p 00039000 08:11 261278                     /lib/libreadline.so.6.1
7ffa9f482000-7ffa9f484000 r--p 00038000 08:11 261278                     /lib/libreadline.so.6.1
7ffa9f484000-7ffa9f48a000 rw-p 0003a000 08:11 261278                     /lib/libreadline.so.6.1
7ffa9f48a000-7ffa9f48b000 rw-p 00000000 00:00 0 
7ffa9f48b000-7ffa9f56c000 r-xp 00000000 08:11 413699                     /usr/lib/libgfortran.so.3.0.0
7ffa9f56c000-7ffa9f76c000 ---p 000e1000 08:11 413699                     /usr/lib/libgfortran.so.3.0.0
7ffa9f76c000-7ffa9f76d000 r--p 000e1000 08:11 413699                     /usr/lib/libgfortran.so.3.0.0
7ffa9f76d000-7ffa9f76e000 rw-p 000e2000 08:11 413699                     /usr/lib/libgfortran.so.3.0.0
7ffa9f76e000-7ffa9f76f000 rw-p 00000000 00:00 0 
7ffa9f76f000-7ffa9f7ec000 r-xp 00000000 08:11 413715                     /usr/lib/libblas/libblas.so.3gf.0
7ffa9f7ec000-7ffa9f9eb000 ---p 0007d000 08:11 413715                     /usr/lib/libblas/libblas.so.3gf.0
7ffa9f9eb000-7ffa9f9ec000 r--p 0007c000 08:11 413715                     /usr/lib/libblas/libblas.so.3gf.0
7ffa9f9ec000-7ffa9f9ed000 rw-p 0007d000 08:11 413715                     /usr/lib/libblas/libblas.so.3gf.0
7ffa9f9ed000-7ffa9f9ef000 r-xp 00000000 08:11 261451                     /lib/libdl-2.12.1.so
7ffa9f9ef000-7ffa9fbef000 ---p 00002000 08:11 261451                     /lib/libdl-2.12.1.so
7ffa9fbef000-7ffa9fbf0000 r--p 00002000 08:11 261451                     /lib/libdl-2.12.1.so
7ffa9fbf0000-7ffa9fbf1000 rw-p 00003000 08:11 261451                     /lib/libdl-2.12.1.so
7ffa9fbf1000-7ffa9fc21000 r-xp 00000000 08:11 261259                     /lib/libpcre.so.3.12.1
7ffa9fc21000-7ffa9fe20000 ---p 00030000 08:11 261259                     /lib/libpcre.so.3.12.1
7ffa9fe20000-7ffa9fe21000 r--p 0002f000 08:11 261259                     /lib/libpcre.so.3.12.1
7ffa9fe21000-7ffa9fe22000 rw-p 00030000 08:11 261259                     /lib/libpcre.so.3.12.1
7ffa9fe22000-7ffa9ff53000 r-xp 00000000 08:11 396226                     /usr/lib/libX11.so.6.3.0
7ffa9ff53000-7ffaa0153000 ---p 00131000 08:11 396226                     /usr/lib/libX11.so.6.3.0
7ffaa0153000-7ffaa0154000 r--p 00131000 08:11 396226                     /usr/lib/libX11.so.6.3.0
7ffaa0154000-7ffaa0158000 rw-p 00132000 08:11 396226                     /usr/lib/libX11.so.6.3.0
7ffaa0158000-7ffaa0161000 r-xp 00000000 08:11 396265                     /usr/lib/libXrender.so.1.3.0
7ffaa0161000-7ffaa0360000 ---p 00009000 08:11 396265                     /usr/lib/libXrender.so.1.3.0
7ffaa0360000-7ffaa0361000 r--p 00008000 08:11 396265                     /usr/lib/libXrender.so.1.3.0
7ffaa0361000-7ffaa0362000 rw-p 00009000 08:11 396265                     /usr/lib/libXrender.so.1.3.0
7ffaa0362000-7ffaa037d000 r-xp 00000000 08:11 397409                     /usr/lib/libxcb.so.1.1.0
7ffaa037d000-7ffaa057d000 ---p 0001b000 08:11 397409                     /usr/lib/libxcb.so.1.1.0
7ffaa057d000-7ffaa057e000 r--p 0001b000 08:11 397409                     /usr/lib/libxcb.so.1.1.0
7ffaa057e000-7ffaa057f000 rw-p 0001c000 08:11 397409                     /usr/lib/libxcb.so.1.1.0
7ffaa057f000-7ffaa0586000 r-xp 00000000 08:11 397405                     /usr/lib/libxcb-render.so.0.0.0
7ffaa0586000-7ffaa0786000 ---p 00007000 08:11 397405                     /usr/lib/libxcb-render.so.0.0.0
7ffaa0786000-7ffaa0787000 r--p 00007000 08:11 397405                     /usr/lib/libxcb-render.so.0.0.0
7ffaa0787000-7ffaa0788000 rw-p 00008000 08:11 397405                     /usr/lib/libxcb-render.so.0.0.0
7ffaa0788000-7ffaa078a000 r-xp 00000000 08:11 397407                     /usr/lib/libxcb-shm.so.0.0.0
7ffaa078a000-7ffaa0989000 ---p 00002000 08:11 397407                     /usr/lib/libxcb-shm.so.0.0.0
7ffaa0989000-7ffaa098a000 r--p 00001000 08:11 397407                     /usr/lib/libxcb-shm.so.0.0.0
7ffaa098a000-7ffaa098b000 rw-p 00002000 08:11 397407                     /usr/lib/libxcb-shm.so.0.0.0
7ffaa098b000-7ffaa09b0000 r-xp 00000000 08:11 261376                     /lib/libpng12.so.0.44.0 (deleted)
7ffaa09b0000-7ffaa0baf000 ---p 00025000 08:11 261376                     /lib/libpng12.so.0.44.0 (deleted)
7ffaa0baf000-7ffaa0bb0000 r--p 00024000 08:11 261376                     /lib/libpng12.so.0.44.0 (deleted)
7ffaa0bb0000-7ffaa0bb1000 rw-p 00025000 08:11 261376                     /lib/libpng12.so.0.44.0 (deleted)
7ffaa0bb1000-7ffaa0c0c000 r-xp 00000000 08:11 397138                     /usr/lib/libpixman-1.so.0.18.4
7ffaa0c0c000-7ffaa0e0b000 ---p 0005b000 08:11 397138                     /usr/lib/libpixman-1.so.0.18.4
7ffaa0e0b000-7ffaa0e0f000 r--p 0005a000 08:11 397138                     /usr/lib/libpixman-1.so.0.18.4
7ffaa0e0f000-7ffaa0e10000 rw-p 0005e000 08:11 397138                     /usr/lib/libpixman-1.so.0.18.4
7ffaa0e10000-7ffaa0e43000 r-xp 00000000 08:11 396582                     /usr/lib/libfontconfig.so.1.4.4
7ffaa0e43000-7ffaa1043000 ---p 00033000 08:11 396582                     /usr/lib/libfontconfig.so.1.4.4
7ffaa1043000-7ffaa1044000 r--p 00033000 08:11 396582                     /usr/lib/libfontconfig.so.1.4.4
7ffaa1044000-7ffaa1045000 rw-p 00034000 08:11 396582                     /usr/lib/libfontconfig.so.1.4.4
7ffaa1045000-7ffaa10c6000 r-xp 00000000 08:11 401101                     /usr/lib/libfreetype.so.6.6.0
7ffaa10c6000-7ffaa12c6000 ---p 00081000 08:11 401101                     /usr/lib/libfreetype.so.6.6.0
7ffaa12c6000-7ffaa12cb000 r--p 00081000 08:11 401101                     /usr/lib/libfreetype.so.6.6.0
7ffaa12cb000-7ffaa12cc000 rw-p 00086000 08:11 401101                     /usr/lib/libfreetype.so.6.6.0
7ffaa12cc000-7ffaa12f4000 r-xp 00000000 08:11 401676                     /usr/lib/libpangoft2-1.0.so.0.2800.2
7ffaa12f4000-7ffaa14f3000 ---p 00028000 08:11 401676                     /usr/lib/libpangoft2-1.0.so.0.2800.2
7ffaa14f3000-7ffaa14f4000 r--p 00027000 08:11 401676                     /usr/lib/libpangoft2-1.0.so.0.2800.2
7ffaa14f4000-7ffaa14f5000 rw-p 00028000 08:11 401676                     /usr/lib/libpangoft2-1.0.so.0.2800.2
7ffaa14f5000-7ffaa166f000 r-xp 00000000 08:11 261447                     /lib/libc-2.12.1.so
7ffaa166f000-7ffaa186f000 ---p 0017a000 08:11 261447                     /lib/libc-2.12.1.so
7ffaa186f000-7ffaa1873000 r--p 0017a000 08:11 261447                     /lib/libc-2.12.1.so
7ffaa1873000-7ffaa1874000 rw-p 0017e000 08:11 261447                     /lib/libc-2.12.1.so
7ffaa1874000-7ffaa1879000 rw-p 00000000 00:00 0 
7ffaa1879000-7ffaa188e000 r-xp 00000000 08:11 261201                     /lib/libgcc_s.so.1
7ffaa188e000-7ffaa1a8d000 ---p 00015000 08:11 261201                     /lib/libgcc_s.so.1
7ffaa1a8d000-7ffaa1a8e000 r--p 00014000 08:11 261201                     /lib/libgcc_s.so.1
7ffaa1a8e000-7ffaa1a8f000 rw-p 00015000 08:11 261201                     /lib/libgcc_s.so.1
7ffaa1a8f000-7ffaa1b11000 r-xp 00000000 08:11 261452                     /lib/libm-2.12.1.so
7ffaa1b11000-7ffaa1d10000 ---p 00082000 08:11 261452                     /lib/libm-2.12.1.so
7ffaa1d10000-7ffaa1d11000 r--p 00081000 08:11 261452                     /lib/libm-2.12.1.so
7ffaa1d11000-7ffaa1d12000 rw-p 00082000 08:11 261452                     /lib/libm-2.12.1.so
7ffaa1d12000-7ffaa1dfa000 r-xp 00000000 08:11 397281                     /usr/lib/libstdc++.so.6.0.14
7ffaa1dfa000-7ffaa1ff9000 ---p 000e8000 08:11 397281                     /usr/lib/libstdc++.so.6.0.14
7ffaa1ff9000-7ffaa2001000 r--p 000e7000 08:11 397281                     /usr/lib/libstdc++.so.6.0.14
7ffaa2001000-7ffaa2003000 rw-p 000ef000 08:11 397281                     /usr/lib/libstdc++.so.6.0.14
7ffaa2003000-7ffaa2018000 rw-p 00000000 00:00 0 
7ffaa2018000-7ffaa202e000 r-xp 00000000 08:11 261316                     /lib/libz.so.1.2.3.4
7ffaa202e000-7ffaa222e000 ---p 00016000 08:11 261316                     /lib/libz.so.1.2.3.4
7ffaa222e000-7ffaa222f000 r--p 00016000 08:11 261316                     /lib/libz.so.1.2.3.4
7ffaa222f000-7ffaa2230000 rw-p 00017000 08:11 261316                     /lib/libz.so.1.2.3.4
7ffaa2230000-7ffaa2233000 r-xp 00000000 08:11 269023                     /lib/libuuid.so.1.3.0
7ffaa2233000-7ffaa2433000 ---p 00003000 08:11 269023                     /lib/libuuid.so.1.3.0
7ffaa2433000-7ffaa2434000 r--p 00003000 08:11 269023                     /lib/libuuid.so.1.3.0
7ffaa2434000-7ffaa2435000 rw-p 00004000 08:11 269023                     /lib/libuuid.so.1.3.0
7ffaa2435000-7ffaa2437000 r-xp 00000000 08:11 261467                     /lib/libutil-2.12.1.so
7ffaa2437000-7ffaa2636000 ---p 00002000 08:11 261467                     /lib/libutil-2.12.1.so
7ffaa2636000-7ffaa2637000 r--p 00001000 08:11 261467                     /lib/libutil-2.12.1.so
7ffaa2637000-7ffaa2638000 rw-p 00002000 08:11 261467                     /lib/libutil-2.12.1.so
7ffaa2638000-7ffaa2650000 r-xp 00000000 08:11 261462                     /lib/libpthread-2.12.1.so
7ffaa2650000-7ffaa284f000 ---p 00018000 08:11 261462                     /lib/libpthread-2.12.1.so
7ffaa284f000-7ffaa2850000 r--p 00017000 08:11 261462                     /lib/libpthread-2.12.1.so
7ffaa2850000-7ffaa2851000 rw-p 00018000 08:11 261462                     /lib/libpthread-2.12.1.so
7ffaa2851000-7ffaa2855000 rw-p 00000000 00:00 0 
7ffaa2855000-7ffaa2b1c000 r-xp 00000000 08:11 414044                     /usr/lib/R/lib/libR.so (deleted)
7ffaa2b1c000-7ffaa2d1b000 ---p 002c7000 08:11 414044                     /usr/lib/R/lib/libR.so (deleted)
7ffaa2d1b000-7ffaa2d21000 r--p 002c6000 08:11 414044                     /usr/lib/R/lib/libR.so (deleted)
7ffaa2d21000-7ffaa2d31000 rw-p 002cc000 08:11 414044                     /usr/lib/R/lib/libR.so (deleted)
7ffaa2d31000-7ffaa2db1000 rw-p 00000000 00:00 0 
7ffaa2db1000-7ffaa2e91000 r-xp 00000000 08:11 261199                     /lib/libglib-2.0.so.0.2600.1
7ffaa2e91000-7ffaa3090000 ---p 000e0000 08:11 261199                     /lib/libglib-2.0.so.0.2600.1
7ffaa3090000-7ffaa3091000 r--p 000df000 08:11 261199                     /lib/libglib-2.0.so.0.2600.1
7ffaa3091000-7ffaa3092000 rw-p 000e0000 08:11 261199                     /lib/libglib-2.0.so.0.2600.1
7ffaa3092000-7ffaa3093000 rw-p 00000000 00:00 0 
7ffaa3093000-7ffaa309a000 r-xp 00000000 08:11 261464                     /lib/librt-2.12.1.so
7ffaa309a000-7ffaa3299000 ---p 00007000 08:11 261464                     /lib/librt-2.12.1.so
7ffaa3299000-7ffaa329a000 r--p 00006000 08:11 261464                     /lib/librt-2.12.1.so
7ffaa329a000-7ffaa329b000 rw-p 00007000 08:11 261464                     /lib/librt-2.12.1.so
7ffaa329b000-7ffaa329f000 r-xp 00000000 08:11 398227                     /usr/lib/libgthread-2.0.so.0.2600.1
7ffaa329f000-7ffaa349e000 ---p 00004000 08:11 398227                     /usr/lib/libgthread-2.0.so.0.2600.1
7ffaa349e000-7ffaa349f000 r--p 00003000 08:11 398227                     /usr/lib/libgthread-2.0.so.0.2600.1
7ffaa349f000-7ffaa34a0000 rw-p 00004000 08:11 398227                     /usr/lib/libgthread-2.0.so.0.2600.1
7ffaa34a0000-7ffaa34a3000 r-xp 00000000 08:11 398236                     /usr/lib/libgmodule-2.0.so.0.2600.1
7ffaa34a3000-7ffaa36a2000 ---p 00003000 08:11 398236                     /usr/lib/libgmodule-2.0.so.0.2600.1
7ffaa36a2000-7ffaa36a3000 r--p 00002000 08:11 398236                     /usr/lib/libgmodule-2.0.so.0.2600.1
7ffaa36a3000-7ffaa36a4000 rw-p 00003000 08:11 398236                     /usr/lib/libgmodule-2.0.so.0.2600.1
7ffaa36a4000-7ffaa36ed000 r-xp 00000000 08:11 398231                     /usr/lib/libgobject-2.0.so.0.2600.1
7ffaa36ed000-7ffaa38ed000 ---p 00049000 08:11 398231                     /usr/lib/libgobject-2.0.so.0.2600.1
7ffaa38ed000-7ffaa38ee000 r--p 00049000 08:11 398231                     /usr/lib/libgobject-2.0.so.0.2600.1
7ffaa38ee000-7ffaa38ef000 rw-p 0004a000 08:11 398231                     /usr/lib/libgobject-2.0.so.0.2600.1
7ffaa38ef000-7ffaa38f0000 rw-p 00000000 00:00 0 
7ffaa38f0000-7ffaa39a7000 r-xp 00000000 08:11 396364                     /usr/lib/libcairo.so.2.11000.0
7ffaa39a7000-7ffaa3ba6000 ---p 000b7000 08:11 396364                     /usr/lib/libcairo.so.2.11000.0
7ffaa3ba6000-7ffaa3ba8000 r--p 000b6000 08:11 396364                     /usr/lib/libcairo.so.2.11000.0
7ffaa3ba8000-7ffaa3ba9000 rw-p 000b8000 08:11 396364                     /usr/lib/libcairo.so.2.11000.0
7ffaa3ba9000-7ffaa3bac000 rw-p 00000000 00:00 0 
7ffaa3bac000-7ffaa3bf1000 r-xp 00000000 08:11 396885                     /usr/lib/libpango-1.0.so.0.2800.2
7ffaa3bf1000-7ffaa3df1000 ---p 00045000 08:11 396885                     /usr/lib/libpango-1.0.so.0.2800.2
7ffaa3df1000-7ffaa3df3000 r--p 00045000 08:11 396885                     /usr/lib/libpango-1.0.so.0.2800.2
7ffaa3df3000-7ffaa3df4000 rw-p 00047000 08:11 396885                     /usr/lib/libpango-1.0.so.0.2800.2
7ffaa3df4000-7ffaa3dff000 r-xp 00000000 08:11 396883                     /usr/lib/libpangocairo-1.0.so.0.2800.2
7ffaa3dff000-7ffaa3ffe000 ---p 0000b000 08:11 396883                     /usr/lib/libpangocairo-1.0.so.0.2800.2
7ffaa3ffe000-7ffaa3fff000 r--p 0000a000 08:11 396883                     /usr/lib/libpangocairo-1.0.so.0.2800.2
7ffaa3fff000-7ffaa4000000 rw-p 0000b000 08:11 396883                     /usr/lib/libpangocairo-1.0.so.0.2800.2
7ffaa4000000-7ffaa4020000 r-xp 00000000 08:11 261143                     /lib/ld-2.12.1.so
7ffaa4020000-7ffaa4023000 r--s 00000000 08:11 1057174                    /var/cache/fontconfig/e13b20fdb08344e0e664864cc2ede53d-le64.cache-3
7ffaa4023000-7ffaa4026000 r--s 0007d000 08:11 394034                     /usr/lib/jvm/java-6-openjdk/jre/lib/jsse.jar
7ffaa4026000-7ffaa4027000 r--s 00006000 08:12 1530                       /home/pawel/R/x86_64-pc-linux-gnu-library/2.14/wordnet/java/jawbone.jar
7ffaa4027000-7ffaa4028000 r--s 00000000 08:12 1582402                    /home/pawel/R/x86_64-pc-linux-gnu-library/2.14/RWeka/java/RWeka.jar
7ffaa4028000-7ffaa402a000 r--s 00019000 08:12 1498                       /home/pawel/R/x86_64-pc-linux-gnu-library/2.14/Snowball/java/snowball.jar
7ffaa402a000-7ffaa4032000 r--s 00066000 08:11 681187                     /usr/share/java/gnome-java-bridge.jar
7ffaa4032000-7ffaa4035000 r--s 0000f000 08:11 415551                     /usr/lib/jvm/java-6-openjdk/jre/lib/ext/pulse-java.jar
7ffaa4035000-7ffaa4037000 r--s 0001d000 08:11 415521                     /usr/lib/jvm/java-6-openjdk/jre/lib/plugin.jar
7ffaa4037000-7ffaa403c000 r--s 00045000 08:11 415526                     /usr/lib/jvm/java-6-openjdk/jre/lib/netx.jar
7ffaa403c000-7ffaa4044000 rw-s 00000000 00:11 789728                     /tmp/hsperfdata_pawel/11570
7ffaa4044000-7ffaa4203000 rw-p 00000000 00:00 0 
7ffaa4203000-7ffaa4204000 r--p 00000000 00:00 0 
7ffaa4204000-7ffaa420b000 r--s 00000000 08:11 411742                     /usr/lib/gconv/gconv-modules.cache
7ffaa420b000-7ffaa4220000 rw-p 00000000 00:00 0 
7ffaa4220000-7ffaa4221000 r--p 00020000 08:11 261143                     /lib/ld-2.12.1.so
7ffaa4221000-7ffaa4222000 rw-p 00021000 08:11 261143                     /lib/ld-2.12.1.so
7ffaa4222000-7ffaa4223000 rw-p 00000000 00:00 0 
7fff41666000-7fff41669000 ---p 00000000 00:00 0 
7fff4166a000-7fff41766000 rw-p 00000000 00:00 0                          [stack]
7fff417ff000-7fff41800000 r-xp 00000000 00:00 0                          [vdso]
ffffffffff600000-ffffffffff601000 r-xp 00000000 00:00 0                  [vsyscall]

VM Arguments:
jvm_args: -Xmx512m vfprintf exit 
java_command: <unknown>
Launcher Type: generic

Environment Variables:
PATH=/usr/local/sbin:/usr/local/bin:/usr/sbin:/usr/bin:/sbin:/bin:/usr/games
USERNAME=pawel
LD_LIBRARY_PATH=/usr/lib64/R/lib:/lib:/usr/lib/jvm/java-6-openjdk/jre/lib/amd64/server:/usr/lib/jvm/java-6-openjdk/jre/lib/amd64:/usr/lib/jvm/java-6-openjdk/jre/../lib/amd64:/usr/java/packages/lib/amd64:/usr/lib/jni:/lib:/usr/lib:@JAVA_LD@
SHELL=/bin/bash
DISPLAY=:0.0

Signal Handlers:
SIGSEGV: [libjvm.so+0x7236f0], sa_mask[0]=0x7ffbfeff, sa_flags=0x10000004
SIGBUS: [libjvm.so+0x7236f0], sa_mask[0]=0x7ffbfeff, sa_flags=0x10000004
SIGFPE: [libjvm.so+0x5e00c0], sa_mask[0]=0x7ffbfeff, sa_flags=0x10000004
SIGPIPE: [libjvm.so+0x5e00c0], sa_mask[0]=0x7ffbfeff, sa_flags=0x10000004
SIGXFSZ: [libjvm.so+0x5e00c0], sa_mask[0]=0x7ffbfeff, sa_flags=0x10000004
SIGILL: [libjvm.so+0x5e00c0], sa_mask[0]=0x7ffbfeff, sa_flags=0x10000004
SIGUSR1: [multicore.so+0x1250], sa_mask[0]=0x00000200, sa_flags=0x10000000
SIGUSR2: [libjvm.so+0x5df7d0], sa_mask[0]=0x00000000, sa_flags=0x10000004
SIGHUP: [libjvm.so+0x5e2240], sa_mask[0]=0x7ffbfeff, sa_flags=0x10000004
SIGINT: [libjvm.so+0x5e2240], sa_mask[0]=0x7ffbfeff, sa_flags=0x10000004
SIGTERM: [libjvm.so+0x5e2240], sa_mask[0]=0x7ffbfeff, sa_flags=0x10000004
SIGQUIT: [libjvm.so+0x5e2240], sa_mask[0]=0x7ffbfeff, sa_flags=0x10000004


---------------  S Y S T E M  ---------------

OS:Ubuntu 10.10 (maverick)
uname:Linux 2.6.35-32-generic #66-Ubuntu SMP Mon Feb 13 21:04:32 UTC 2012 x86_64
libc:glibc 2.12.1 NPTL 2.12.1 
rlimit: STACK 8192k, CORE 0k, NPROC infinity, NOFILE 1024, AS infinity
load average:5.08 4.52 4.08

/proc/meminfo:
MemTotal:        8193784 kB
MemFree:         2017924 kB
Buffers:           58444 kB
Cached:          2766772 kB
SwapCached:       137480 kB
Active:          3505748 kB
Inactive:        2209992 kB
Active(anon):    2138396 kB
Inactive(anon):   770228 kB
Active(file):    1367352 kB
Inactive(file):  1439764 kB
Unevictable:         136 kB
Mlocked:              80 kB
SwapTotal:       1951740 kB
SwapFree:        1575864 kB
Dirty:               232 kB
Writeback:             0 kB
AnonPages:       2798476 kB
Mapped:           113972 kB
Shmem:             17968 kB
Slab:             166448 kB
SReclaimable:     139296 kB
SUnreclaim:        27152 kB
KernelStack:        3464 kB
PageTables:        37732 kB
NFS_Unstable:          0 kB
Bounce:                0 kB
WritebackTmp:          0 kB
CommitLimit:     6048632 kB
Committed_AS:    5979496 kB
VmallocTotal:   34359738367 kB
VmallocUsed:      370884 kB
VmallocChunk:   34359361952 kB
HardwareCorrupted:     0 kB
HugePages_Total:       0
HugePages_Free:        0
HugePages_Rsvd:        0
HugePages_Surp:        0
Hugepagesize:       2048 kB
DirectMap4k:      249792 kB
DirectMap2M:     8136704 kB
DirectMap1G:           0 kB


CPU:total 4 (4 cores per cpu, 1 threads per core) family 16 model 4 stepping 3, cmov, cx8, fxsr, mmx, sse, sse2, sse3, popcnt, mmxext, 3dnow, 3dnowext, lzcnt, sse4a

Memory: 4k page, physical 8193784k(2017924k free), swap 1951740k(1575864k free)

vm_info: OpenJDK 64-Bit Server VM (19.0-b09) for linux-amd64 JRE (1.6.0_20-b20), built on Feb 18 2012 07:27:16 by "buildd" with gcc 4.4.5

time: Tue Sep  4 08:01:03 2012
elapsed time: 299136 seconds

